{"ts":1747159218511,"action":"PROJECT_OPENED","tags":{"PROJECT_NAME":"SI_UDA"}}
{"ts":1747159224415,"action":"FILE_OPENED","file":"/README.md","tags":{"FILE_LINE_OF_CODE":"16"}}
{"ts":1747159224630,"action":"FILE_CLOSED","file":"/README.md","tags":{"FILE_LINE_OF_CODE":"16"}}
{"ts":1747159224630,"action":"FILE_OPENED","file":"/index.html","tags":{"FILE_LINE_OF_CODE":"80"}}
{"ts":1747159226696,"action":"IDE_DEACTIVATED"}
{"ts":1747159228501,"action":"IDE_ACTIVATED"}
{"ts":1747159278192,"action":"IDE_DEACTIVATED"}
{"ts":1747159280432,"action":"IDE_ACTIVATED"}
{"ts":1747159282802,"action":"IDE_DEACTIVATED"}
{"ts":1747159283313,"action":"IDE_ACTIVATED"}
{"ts":1747159286870,"action":"IDE_DEACTIVATED"}
{"ts":1747159287746,"action":"IDE_ACTIVATED"}
{"ts":1747159290996,"action":"IDE_DEACTIVATED"}
{"ts":1747159292149,"action":"IDE_ACTIVATED"}
{"ts":1747159294764,"action":"IDE_DEACTIVATED"}
{"ts":1747159294903,"action":"IDE_ACTIVATED"}
{"ts":1747159295833,"action":"IDE_DEACTIVATED"}
{"ts":1747159297257,"action":"IDE_ACTIVATED"}
{"ts":1747159305710,"action":"IDE_DEACTIVATED"}
{"ts":1747159308413,"action":"IDE_ACTIVATED"}
{"ts":1747159459461,"action":"IDE_DEACTIVATED"}
{"ts":1747159459258,"action":"PROJECT_OPENED","tags":{"PROJECT_NAME":"SI_UDA"}}
{"ts":1747159460275,"action":"IDE_ACTIVATED"}
{"ts":1747159461535,"action":"FILE_OPENED","file":"/README.md","tags":{"FILE_LINE_OF_CODE":"16"}}
{"ts":1747159464724,"action":"IDE_DEACTIVATED"}
{"ts":1747159465171,"action":"IDE_ACTIVATED"}
{"ts":1747159499219,"action":"IDE_DEACTIVATED"}
{"ts":1747159561804,"action":"IDE_ACTIVATED"}
{"ts":1747159592812,"action":"IDE_DEACTIVATED"}
{"ts":1747159596053,"action":"IDE_ACTIVATED"}
{"ts":1747159678675,"action":"IDE_DEACTIVATED"}
{"ts":1747159681609,"action":"IDE_ACTIVATED"}
{"ts":1747159694681,"action":"IDE_DEACTIVATED"}
{"ts":1747159703539,"action":"IDE_ACTIVATED"}
{"ts":1747159707877,"action":"IDE_DEACTIVATED"}
{"ts":1747159725965,"action":"IDE_ACTIVATED"}
{"ts":1747159798063,"action":"IDE_DEACTIVATED"}
{"ts":1747159818142,"action":"IDE_ACTIVATED"}
{"ts":1747159842897,"action":"IDE_DEACTIVATED"}
{"ts":1747159851252,"action":"IDE_ACTIVATED"}
{"ts":1747159906817,"action":"IDE_DEACTIVATED"}
{"ts":1747159913024,"action":"IDE_ACTIVATED"}
{"ts":1747159913520,"action":"IDE_DEACTIVATED"}
{"ts":1747159915314,"action":"IDE_ACTIVATED"}
{"ts":1747159916296,"action":"IDE_DEACTIVATED"}
{"ts":1747159919363,"action":"IDE_ACTIVATED"}
{"ts":1747159922221,"action":"IDE_DEACTIVATED"}
{"ts":1747159928579,"action":"IDE_ACTIVATED"}
{"ts":1747160025197,"action":"IDE_DEACTIVATED"}
{"ts":1747160028741,"action":"IDE_ACTIVATED"}
{"ts":1747160032741,"action":"IDE_DEACTIVATED"}
{"ts":1747160066840,"action":"IDE_ACTIVATED"}
{"ts":1747160089604,"action":"IDE_DEACTIVATED"}
{"ts":1747160129936,"action":"IDE_ACTIVATED"}
{"ts":1747160136199,"action":"IDE_DEACTIVATED"}
{"ts":1747160141751,"action":"IDE_ACTIVATED"}
{"ts":1747160167312,"action":"IDE_DEACTIVATED"}
{"ts":1747160167991,"action":"IDE_ACTIVATED"}
{"ts":1747160168726,"action":"IDE_DEACTIVATED"}
{"ts":1747160247380,"action":"IDE_ACTIVATED"}
{"ts":1747160250122,"action":"IDE_DEACTIVATED"}
{"ts":1747160261664,"action":"IDE_ACTIVATED"}
{"ts":1747160263843,"action":"IDE_DEACTIVATED"}
{"ts":1747160266173,"action":"IDE_ACTIVATED"}
{"ts":1747160310436,"action":"IDE_DEACTIVATED"}
{"ts":1747160316946,"action":"IDE_ACTIVATED"}
{"ts":1747160387045,"action":"IDE_DEACTIVATED"}
{"ts":1747160389728,"action":"IDE_ACTIVATED"}
{"ts":1747160394033,"action":"IDE_DEACTIVATED"}
{"ts":1747160406727,"action":"IDE_ACTIVATED"}
{"ts":1747160476030,"action":"IDE_DEACTIVATED"}
{"ts":1747160522012,"action":"IDE_ACTIVATED"}
{"ts":1747160523105,"action":"IDE_DEACTIVATED"}
{"ts":1747160523455,"action":"IDE_ACTIVATED"}
{"ts":1747160523972,"action":"IDE_DEACTIVATED"}
{"ts":1747160524171,"action":"IDE_ACTIVATED"}
{"ts":1747160525086,"action":"IDE_DEACTIVATED"}
{"ts":1747160536561,"action":"IDE_ACTIVATED"}
{"ts":1747160538074,"action":"IDE_DEACTIVATED"}
{"ts":1747160539459,"action":"IDE_ACTIVATED"}
{"ts":1747160589123,"action":"IDE_DEACTIVATED"}
{"ts":1747160591564,"action":"IDE_ACTIVATED"}
{"ts":1747160673656,"action":"IDE_DEACTIVATED"}
{"ts":1747160676446,"action":"IDE_ACTIVATED"}
{"ts":1747160677574,"action":"IDE_DEACTIVATED"}
{"ts":1747160718018,"action":"IDE_ACTIVATED"}
{"ts":1747160719621,"action":"IDE_DEACTIVATED"}
{"ts":1747162115188,"action":"IDE_ACTIVATED"}
{"ts":1747162230197,"action":"IDE_DEACTIVATED"}
{"ts":1747162276789,"action":"IDE_ACTIVATED"}
{"ts":1747162289223,"action":"IDE_DEACTIVATED"}
{"ts":1747162325705,"action":"IDE_ACTIVATED"}
{"ts":1747162328560,"action":"IDE_DEACTIVATED"}
{"ts":1747162331125,"action":"IDE_ACTIVATED"}
{"ts":1747162331696,"action":"IDE_DEACTIVATED"}
{"ts":1747162358757,"action":"IDE_ACTIVATED"}
{"ts":1747162369130,"action":"IDE_DEACTIVATED"}
{"ts":1747162375898,"action":"IDE_ACTIVATED"}
{"ts":1747162382259,"action":"IDE_DEACTIVATED"}
{"ts":1747162444530,"action":"IDE_ACTIVATED"}
{"ts":1747162470671,"action":"IDE_DEACTIVATED"}
{"ts":1747162471468,"action":"IDE_ACTIVATED"}
{"ts":1747162478592,"action":"IDE_DEACTIVATED"}
{"ts":1747162504860,"action":"IDE_ACTIVATED"}
{"ts":1747162507440,"action":"IDE_DEACTIVATED"}
{"ts":1747162546600,"action":"IDE_ACTIVATED"}
{"ts":1747162572472,"action":"IDE_DEACTIVATED"}
{"ts":1747162576005,"action":"IDE_ACTIVATED"}
{"ts":1747162584654,"action":"IDE_DEACTIVATED"}
{"ts":1747162605669,"action":"IDE_ACTIVATED"}
{"ts":1747162626690,"action":"IDE_DEACTIVATED"}
{"ts":1747162629371,"action":"IDE_ACTIVATED"}
{"ts":1747162802755,"action":"IDE_DEACTIVATED"}
{"ts":1747162806965,"action":"IDE_ACTIVATED"}
{"ts":1747162849161,"action":"IDE_DEACTIVATED"}
{"ts":1747162871340,"action":"IDE_ACTIVATED"}
{"ts":1747162882361,"action":"IDE_DEACTIVATED"}
{"ts":1747162889140,"action":"IDE_ACTIVATED"}
{"ts":1747162892334,"action":"IDE_DEACTIVATED"}
{"ts":1747162894056,"action":"IDE_ACTIVATED"}
{"ts":1747162901192,"action":"IDE_DEACTIVATED"}
